time="2023-06-25T17:08:40+07:00" level=info msg="HELLO THIS IS BOT"
time="2023-06-25T17:08:40+07:00" level=info msg="Config: hakaton"
time="2023-06-25T17:08:40+07:00" level=info msg="Starting on port 8080"
time="2023-06-25T17:10:07+07:00" level=info msg="HELLO THIS IS BOT"
time="2023-06-25T17:10:07+07:00" level=info msg="Config: hakaton"
time="2023-06-25T17:10:07+07:00" level=info msg="Starting on port 8080"
time="2023-06-25T17:10:11+07:00" level=info msg="In root"
time="2023-06-25T17:10:47+07:00" level=info msg="Logging initialized"
time="2023-06-25T17:10:47+07:00" level=info msg="HELLO THIS IS BOT"
time="2023-06-25T17:10:47+07:00" level=info msg="Config: hakaton"
time="2023-06-25T17:10:47+07:00" level=info msg="Starting on port 8080"
time="2023-06-25T17:11:19+07:00" level=info
time="2023-06-25T17:11:19+07:00" level=info msg="Logging initialized"
time="2023-06-25T17:11:19+07:00" level=info msg="HELLO THIS IS BOT"
time="2023-06-25T17:11:19+07:00" level=info msg="Config: hakaton"
time="2023-06-25T17:11:19+07:00" level=info msg="Starting on port 8080"
time="2023-06-25T17:11:49+07:00" level=info msg="Logging initialized"
time="2023-06-25T17:11:49+07:00" level=info msg="HELLO THIS IS BOT"
time="2023-06-25T17:11:49+07:00" level=info msg="Config: hakaton"
time="2023-06-25T17:11:49+07:00" level=info msg="Starting on port 8080"

time="2023-06-25T17:12:08+07:00" level=info msg="Logging initialized"
time="2023-06-25T17:12:08+07:00" level=info msg="HELLO THIS IS BOT"
time="2023-06-25T17:12:08+07:00" level=info msg="Config: hakaton"
time="2023-06-25T17:12:08+07:00" level=info msg="Starting on port 8080"
